Flow report for ProcessadorMonoCiclo
Wed Jul 16 09:48:14 2025
Quartus Prime Version 20.1.0 Build 711 06/05/2020 SJ Lite Edition


---------------------
; Table of Contents ;
---------------------
  1. Legal Notice
  2. Flow Summary
  3. Flow Settings
  4. Flow Non-Default Global Settings
  5. Flow Elapsed Time
  6. Flow OS Summary
  7. Flow Log
  8. Flow Messages
  9. Flow Suppressed Messages



----------------
; Legal Notice ;
----------------
Copyright (C) 2020  Intel Corporation. All rights reserved.
Your use of Intel Corporation's design tools, logic functions 
and other software and tools, and any partner logic 
functions, and any output files from any of the foregoing 
(including device programming or simulation files), and any 
associated documentation or information are expressly subject 
to the terms and conditions of the Intel Program License 
Subscription Agreement, the Intel Quartus Prime License Agreement,
the Intel FPGA IP License Agreement, or other applicable license
agreement, including, without limitation, that your use is for
the sole purpose of programming logic devices manufactured by
Intel and sold by Intel or its authorized distributors.  Please
refer to the applicable agreement for further details, at
https://fpgasoftware.intel.com/eula.



+---------------------------------------------------------------------+
; Flow Summary                                                        ;
+-----------------------+---------------------------------------------+
; Flow Status           ; Successful - Wed Jul 16 09:48:14 2025       ;
; Quartus Prime Version ; 20.1.0 Build 711 06/05/2020 SJ Lite Edition ;
; Revision Name         ; ProcessadorMonoCiclo                        ;
; Top-level Entity Name ; ULA                                         ;
; Family                ; MAX V                                       ;
; Total logic elements  ; 176 / 570 ( 31 % )                          ;
; Total pins            ; 101 / 159 ( 64 % )                          ;
; Total virtual pins    ; 0                                           ;
; UFM blocks            ; 0 / 1 ( 0 % )                               ;
; Device                ; 5M570ZF256C4                                ;
; Timing Models         ; Final                                       ;
+-----------------------+---------------------------------------------+


+------------------------------------------+
; Flow Settings                            ;
+-------------------+----------------------+
; Option            ; Setting              ;
+-------------------+----------------------+
; Start date & time ; 07/16/2025 09:48:00  ;
; Main task         ; Compilation          ;
; Revision Name     ; ProcessadorMonoCiclo ;
+-------------------+----------------------+


+-------------------------------------------------------------------------------------------------------------------------------------------------+
; Flow Non-Default Global Settings                                                                                                                ;
+--------------------------------------+---------------------------------+----------------------+-------------+-----------------------------------+
; Assignment Name                      ; Value                           ; Default Value        ; Entity Name ; Section Id                        ;
+--------------------------------------+---------------------------------+----------------------+-------------+-----------------------------------+
; COMPILER_SIGNATURE_ID                ; 112708879635786.175267008000992 ; --                   ; --          ; --                                ;
; EDA_DESIGN_INSTANCE_NAME             ; NA                              ; --                   ; --          ; ULa_tb                            ;
; EDA_DESIGN_INSTANCE_NAME             ; NA                              ; --                   ; --          ; pc_tb                             ;
; EDA_GENERATE_FUNCTIONAL_NETLIST      ; Off                             ; --                   ; --          ; eda_board_design_timing           ;
; EDA_GENERATE_FUNCTIONAL_NETLIST      ; Off                             ; --                   ; --          ; eda_board_design_boundary_scan    ;
; EDA_GENERATE_FUNCTIONAL_NETLIST      ; Off                             ; --                   ; --          ; eda_board_design_signal_integrity ;
; EDA_GENERATE_FUNCTIONAL_NETLIST      ; Off                             ; --                   ; --          ; eda_board_design_symbol           ;
; EDA_NATIVELINK_SIMULATION_TEST_BENCH ; ULA_tb                          ; --                   ; --          ; eda_simulation                    ;
; EDA_OUTPUT_DATA_FORMAT               ; Verilog Hdl                     ; --                   ; --          ; eda_simulation                    ;
; EDA_SIMULATION_TOOL                  ; ModelSim-Altera (Verilog)       ; <None>               ; --          ; --                                ;
; EDA_TEST_BENCH_ENABLE_STATUS         ; TEST_BENCH_MODE                 ; --                   ; --          ; eda_simulation                    ;
; EDA_TEST_BENCH_FILE                  ; ULA_tb.v                        ; --                   ; --          ; ULA_tb                            ;
; EDA_TEST_BENCH_FILE                  ; pc_tb.v                         ; --                   ; --          ; pc_tb                             ;
; EDA_TEST_BENCH_MODULE_NAME           ; ULA_tb                          ; --                   ; --          ; ULA_tb                            ;
; EDA_TEST_BENCH_MODULE_NAME           ; pc_tb                           ; --                   ; --          ; pc_tb                             ;
; EDA_TEST_BENCH_NAME                  ; pc_tb                           ; --                   ; --          ; eda_simulation                    ;
; EDA_TEST_BENCH_NAME                  ; ULA_tb                          ; --                   ; --          ; eda_simulation                    ;
; EDA_TEST_BENCH_RUN_SIM_FOR           ; 15 s                            ; --                   ; --          ; ULA_tb                            ;
; EDA_TEST_BENCH_RUN_SIM_FOR           ; 10 s                            ; --                   ; --          ; pc_tb                             ;
; EDA_TIME_SCALE                       ; 1 ps                            ; --                   ; --          ; eda_simulation                    ;
; PROJECT_OUTPUT_DIRECTORY             ; output_files                    ; --                   ; --          ; --                                ;
; TOP_LEVEL_ENTITY                     ; ULA                             ; ProcessadorMonoCiclo ; --          ; --                                ;
+--------------------------------------+---------------------------------+----------------------+-------------+-----------------------------------+


+--------------------------------------------------------------------------------------------------------------------------+
; Flow Elapsed Time                                                                                                        ;
+----------------------+--------------+-------------------------+---------------------+------------------------------------+
; Module Name          ; Elapsed Time ; Average Processors Used ; Peak Virtual Memory ; Total CPU Time (on all processors) ;
+----------------------+--------------+-------------------------+---------------------+------------------------------------+
; Analysis & Synthesis ; 00:00:08     ; 1.0                     ; 4705 MB             ; 00:00:17                           ;
; Fitter               ; 00:00:01     ; 1.0                     ; 5898 MB             ; 00:00:02                           ;
; Assembler            ; 00:00:00     ; 1.0                     ; 4666 MB             ; 00:00:00                           ;
; Timing Analyzer      ; 00:00:01     ; 1.0                     ; 4684 MB             ; 00:00:01                           ;
; EDA Netlist Writer   ; 00:00:00     ; 1.0                     ; 4625 MB             ; 00:00:00                           ;
; Total                ; 00:00:10     ; --                      ; --                  ; 00:00:20                           ;
+----------------------+--------------+-------------------------+---------------------+------------------------------------+


+------------------------------------------------------------------------------------+
; Flow OS Summary                                                                    ;
+----------------------+------------------+------------+------------+----------------+
; Module Name          ; Machine Hostname ; OS Name    ; OS Version ; Processor type ;
+----------------------+------------------+------------+------------+----------------+
; Analysis & Synthesis ; Pedro            ; Windows 10 ; 10.0       ; x86_64         ;
; Fitter               ; Pedro            ; Windows 10 ; 10.0       ; x86_64         ;
; Assembler            ; Pedro            ; Windows 10 ; 10.0       ; x86_64         ;
; Timing Analyzer      ; Pedro            ; Windows 10 ; 10.0       ; x86_64         ;
; EDA Netlist Writer   ; Pedro            ; Windows 10 ; 10.0       ; x86_64         ;
+----------------------+------------------+------------+------------+----------------+


------------
; Flow Log ;
------------
quartus_map --read_settings_files=on --write_settings_files=off ProcessadorMonoCiclo -c ProcessadorMonoCiclo
quartus_fit --read_settings_files=off --write_settings_files=off ProcessadorMonoCiclo -c ProcessadorMonoCiclo
quartus_asm --read_settings_files=off --write_settings_files=off ProcessadorMonoCiclo -c ProcessadorMonoCiclo
quartus_sta ProcessadorMonoCiclo -c ProcessadorMonoCiclo
quartus_eda --read_settings_files=off --write_settings_files=off ProcessadorMonoCiclo -c ProcessadorMonoCiclo



